{"src/contracts/mocks/nf-token-enumerable-mock.sol":{"l":{"27":0,"40":0},"path":"/home/user/Downloads/Projects/solidity/erc721/src/contracts/mocks/nf-token-enumerable-mock.sol","s":{"1":0,"2":0},"b":{},"f":{"1":0,"2":0},"fnMap":{"1":{"name":"mint","line":25,"loc":{"start":{"line":20,"column":2},"end":{"line":28,"column":2}}},"2":{"name":"burn","line":38,"loc":{"start":{"line":34,"column":2},"end":{"line":41,"column":2}}}},"statementMap":{"1":{"start":{"line":27,"column":4},"end":{"line":27,"column":29}},"2":{"start":{"line":40,"column":4},"end":{"line":40,"column":24}}},"branchMap":{}},"src/contracts/mocks/nf-token-metadata-enumerable-mock.sol":{"l":{"28":0,"29":0,"46":0,"47":0,"60":0,"79":0,"97":0,"98":0,"100":0,"117":0,"133":0,"150":0},"path":"/home/user/Downloads/Projects/solidity/erc721/src/contracts/mocks/nf-token-metadata-enumerable-mock.sol","s":{"1":0,"2":0,"3":0,"4":0,"5":0,"6":0,"7":0,"8":0,"9":0,"10":0,"11":0},"b":{"1":[0,0]},"f":{"1":0,"2":0,"3":0,"4":0,"5":0,"6":0,"7":0,"8":0},"fnMap":{"1":{"name":"constructor","line":23,"loc":{"start":{"line":23,"column":2},"end":{"line":30,"column":2}}},"2":{"name":"mint","line":44,"loc":{"start":{"line":38,"column":2},"end":{"line":48,"column":2}}},"3":{"name":"burn","line":58,"loc":{"start":{"line":54,"column":2},"end":{"line":61,"column":2}}},"4":{"name":"_mint","line":71,"loc":{"start":{"line":71,"column":2},"end":{"line":80,"column":2}}},"5":{"name":"_burn","line":90,"loc":{"start":{"line":90,"column":2},"end":{"line":102,"column":2}}},"6":{"name":"_removeNFToken","line":110,"loc":{"start":{"line":110,"column":2},"end":{"line":118,"column":2}}},"7":{"name":"_addNFToken","line":126,"loc":{"start":{"line":126,"column":2},"end":{"line":134,"column":2}}},"8":{"name":"_getOwnerNFTCount","line":142,"loc":{"start":{"line":142,"column":2},"end":{"line":151,"column":2}}}},"statementMap":{"1":{"start":{"line":28,"column":4},"end":{"line":28,"column":18}},"2":{"start":{"line":29,"column":4},"end":{"line":29,"column":22}},"3":{"start":{"line":46,"column":4},"end":{"line":46,"column":29}},"4":{"start":{"line":47,"column":4},"end":{"line":47,"column":37}},"5":{"start":{"line":60,"column":4},"end":{"line":60,"column":24}},"6":{"start":{"line":79,"column":4},"end":{"line":79,"column":41}},"7":{"start":{"line":97,"column":4},"end":{"line":97,"column":36}},"8":{"start":{"line":98,"column":4},"end":{"line":98,"column":2395}},"9":{"start":{"line":117,"column":4},"end":{"line":117,"column":52}},"10":{"start":{"line":133,"column":4},"end":{"line":133,"column":47}},"11":{"start":{"line":150,"column":4},"end":{"line":150,"column":54}}},"branchMap":{"1":{"line":98,"type":"if","locations":[{"start":{"line":98,"column":4},"end":{"line":98,"column":4}},{"start":{"line":98,"column":4},"end":{"line":98,"column":4}}]}}},"src/contracts/mocks/nf-token-metadata-mock.sol":{"l":{"25":0,"26":0,"43":0,"44":0,"57":0},"path":"/home/user/Downloads/Projects/solidity/erc721/src/contracts/mocks/nf-token-metadata-mock.sol","s":{"1":0,"2":0,"3":0,"4":0,"5":0},"b":{},"f":{"1":0,"2":0,"3":0},"fnMap":{"1":{"name":"constructor","line":20,"loc":{"start":{"line":20,"column":2},"end":{"line":27,"column":2}}},"2":{"name":"mint","line":41,"loc":{"start":{"line":35,"column":2},"end":{"line":45,"column":2}}},"3":{"name":"burn","line":55,"loc":{"start":{"line":51,"column":2},"end":{"line":58,"column":2}}}},"statementMap":{"1":{"start":{"line":25,"column":4},"end":{"line":25,"column":18}},"2":{"start":{"line":26,"column":4},"end":{"line":26,"column":22}},"3":{"start":{"line":43,"column":4},"end":{"line":43,"column":29}},"4":{"start":{"line":44,"column":4},"end":{"line":44,"column":37}},"5":{"start":{"line":57,"column":4},"end":{"line":57,"column":24}}},"branchMap":{}},"src/contracts/mocks/nf-token-mock.sol":{"l":{"27":0},"path":"/home/user/Downloads/Projects/solidity/erc721/src/contracts/mocks/nf-token-mock.sol","s":{"1":0},"b":{},"f":{"1":0},"fnMap":{"1":{"name":"mint","line":25,"loc":{"start":{"line":20,"column":2},"end":{"line":28,"column":2}}}},"statementMap":{"1":{"start":{"line":27,"column":4},"end":{"line":27,"column":29}}},"branchMap":{}},"src/contracts/ownership/ownable.sol":{"l":{"38":0,"46":0,"47":0,"60":0,"61":0,"62":0},"path":"/home/user/Downloads/Projects/solidity/erc721/src/contracts/ownership/ownable.sol","s":{"1":0,"2":0,"3":0,"4":0,"5":0},"b":{"1":[0,0],"2":[0,0]},"f":{"1":0,"2":0,"3":0},"fnMap":{"1":{"name":"constructor","line":36,"loc":{"start":{"line":36,"column":2},"end":{"line":39,"column":2}}},"2":{"name":"onlyOwner","line":44,"loc":{"start":{"line":44,"column":2},"end":{"line":48,"column":2}}},"3":{"name":"transferOwnership","line":58,"loc":{"start":{"line":54,"column":2},"end":{"line":63,"column":2}}}},"statementMap":{"1":{"start":{"line":38,"column":4},"end":{"line":38,"column":21}},"2":{"start":{"line":46,"column":4},"end":{"line":46,"column":50}},"3":{"start":{"line":60,"column":4},"end":{"line":60,"column":68}},"4":{"start":{"line":61,"column":4},"end":{"line":61,"column":47}},"5":{"start":{"line":62,"column":4},"end":{"line":62,"column":20}}},"branchMap":{"1":{"line":46,"type":"if","locations":[{"start":{"line":46,"column":4},"end":{"line":46,"column":4}},{"start":{"line":46,"column":4},"end":{"line":46,"column":4}}]},"2":{"line":60,"type":"if","locations":[{"start":{"line":60,"column":4},"end":{"line":60,"column":4}},{"start":{"line":60,"column":4},"end":{"line":60,"column":4}}]}}},"src/contracts/tokens/erc721-enumerable.sol":{"l":{},"path":"/home/user/Downloads/Projects/solidity/erc721/src/contracts/tokens/erc721-enumerable.sol","s":{},"b":{},"f":{},"fnMap":{},"statementMap":{},"branchMap":{}},"src/contracts/tokens/erc721-metadata.sol":{"l":{},"path":"/home/user/Downloads/Projects/solidity/erc721/src/contracts/tokens/erc721-metadata.sol","s":{},"b":{},"f":{},"fnMap":{},"statementMap":{},"branchMap":{}},"src/contracts/tokens/erc721-token-receiver.sol":{"l":{},"path":"/home/user/Downloads/Projects/solidity/erc721/src/contracts/tokens/erc721-token-receiver.sol","s":{},"b":{},"f":{},"fnMap":{},"statementMap":{},"branchMap":{}},"src/contracts/tokens/erc721.sol":{"l":{},"path":"/home/user/Downloads/Projects/solidity/erc721/src/contracts/tokens/erc721.sol","s":{},"b":{},"f":{},"fnMap":{},"statementMap":{},"branchMap":{}},"src/contracts/tokens/nf-token-enumerable.sol":{"l":{"46":0,"59":0,"75":0,"76":0,"94":0,"95":0,"114":0,"115":0,"116":0,"134":0,"136":0,"137":0,"138":0,"140":0,"142":0,"144":0,"145":0,"162":0,"163":0,"165":0,"166":0,"168":0,"170":0,"171":0,"172":0,"175":0,"192":0,"193":0,"195":0,"196":0,"214":0},"path":"/home/user/Downloads/Projects/solidity/erc721/src/contracts/tokens/nf-token-enumerable.sol","s":{"1":0,"2":0,"3":0,"4":0,"5":0,"6":0,"7":0,"8":0,"9":0,"10":0,"11":0,"12":0,"13":0,"14":0,"15":0,"16":0,"17":0,"18":0,"19":0,"20":0,"21":0,"22":0,"23":0,"24":0,"25":0,"26":0,"27":0,"28":0,"29":0,"30":0},"b":{"1":[0,0],"2":[0,0],"3":[0,0],"4":[0,0],"5":[0,0]},"f":{"1":0,"2":0,"3":0,"4":0,"5":0,"6":0,"7":0,"8":0,"9":0},"fnMap":{"1":{"name":"constructor","line":44,"loc":{"start":{"line":44,"column":2},"end":{"line":47,"column":2}}},"2":{"name":"totalSupply","line":53,"loc":{"start":{"line":53,"column":2},"end":{"line":60,"column":2}}},"3":{"name":"tokenByIndex","line":67,"loc":{"start":{"line":67,"column":2},"end":{"line":77,"column":2}}},"4":{"name":"tokenOfOwnerByIndex","line":85,"loc":{"start":{"line":85,"column":2},"end":{"line":96,"column":2}}},"5":{"name":"_mint","line":106,"loc":{"start":{"line":106,"column":2},"end":{"line":117,"column":2}}},"6":{"name":"_burn","line":127,"loc":{"start":{"line":127,"column":2},"end":{"line":146,"column":2}}},"7":{"name":"_removeNFToken","line":154,"loc":{"start":{"line":154,"column":2},"end":{"line":176,"column":2}}},"8":{"name":"_addNFToken","line":184,"loc":{"start":{"line":184,"column":2},"end":{"line":197,"column":2}}},"9":{"name":"_getOwnerNFTCount","line":205,"loc":{"start":{"line":205,"column":2},"end":{"line":215,"column":2}}}},"statementMap":{"1":{"start":{"line":46,"column":4},"end":{"line":46,"column":41}},"2":{"start":{"line":59,"column":4},"end":{"line":59,"column":24}},"3":{"start":{"line":75,"column":4},"end":{"line":75,"column":49}},"4":{"start":{"line":76,"column":4},"end":{"line":76,"column":25}},"5":{"start":{"line":94,"column":4},"end":{"line":94,"column":61}},"6":{"start":{"line":95,"column":4},"end":{"line":95,"column":37}},"7":{"start":{"line":114,"column":4},"end":{"line":114,"column":29}},"8":{"start":{"line":115,"column":4},"end":{"line":115,"column":24}},"9":{"start":{"line":116,"column":4},"end":{"line":116,"column":42}},"10":{"start":{"line":134,"column":4},"end":{"line":134,"column":24}},"11":{"start":{"line":136,"column":4},"end":{"line":136,"column":44}},"12":{"start":{"line":137,"column":4},"end":{"line":137,"column":46}},"13":{"start":{"line":138,"column":4},"end":{"line":138,"column":46}},"14":{"start":{"line":140,"column":4},"end":{"line":140,"column":33}},"15":{"start":{"line":142,"column":4},"end":{"line":142,"column":15}},"16":{"start":{"line":144,"column":4},"end":{"line":144,"column":36}},"17":{"start":{"line":145,"column":4},"end":{"line":145,"column":26}},"18":{"start":{"line":162,"column":4},"end":{"line":162,"column":51}},"19":{"start":{"line":165,"column":4},"end":{"line":165,"column":57}},"20":{"start":{"line":166,"column":4},"end":{"line":166,"column":57}},"21":{"start":{"line":168,"column":4},"end":{"line":168,"column":4133}},"22":{"start":{"line":170,"column":6},"end":{"line":170,"column":59}},"23":{"start":{"line":171,"column":6},"end":{"line":171,"column":54}},"24":{"start":{"line":172,"column":6},"end":{"line":172,"column":51}},"25":{"start":{"line":175,"column":4},"end":{"line":175,"column":26}},"26":{"start":{"line":192,"column":4},"end":{"line":192,"column":65}},"27":{"start":{"line":193,"column":4},"end":{"line":193,"column":28}},"28":{"start":{"line":195,"column":4},"end":{"line":195,"column":33}},"29":{"start":{"line":196,"column":4},"end":{"line":196,"column":56}},"30":{"start":{"line":214,"column":4},"end":{"line":214,"column":36}}},"branchMap":{"1":{"line":75,"type":"if","locations":[{"start":{"line":75,"column":4},"end":{"line":75,"column":4}},{"start":{"line":75,"column":4},"end":{"line":75,"column":4}}]},"2":{"line":94,"type":"if","locations":[{"start":{"line":94,"column":4},"end":{"line":94,"column":4}},{"start":{"line":94,"column":4},"end":{"line":94,"column":4}}]},"3":{"line":162,"type":"if","locations":[{"start":{"line":162,"column":4},"end":{"line":162,"column":4}},{"start":{"line":162,"column":4},"end":{"line":162,"column":4}}]},"4":{"line":168,"type":"if","locations":[{"start":{"line":168,"column":4},"end":{"line":168,"column":4}},{"start":{"line":168,"column":4},"end":{"line":168,"column":4}}]},"5":{"line":192,"type":"if","locations":[{"start":{"line":192,"column":4},"end":{"line":192,"column":4}},{"start":{"line":192,"column":4},"end":{"line":192,"column":4}}]}}},"src/contracts/tokens/nf-token-metadata.sol":{"l":{"36":0,"49":0,"62":0,"79":0,"97":0,"99":0,"117":0},"path":"/home/user/Downloads/Projects/solidity/erc721/src/contracts/tokens/nf-token-metadata.sol","s":{"1":0,"2":0,"3":0,"4":0,"5":0,"6":0},"b":{},"f":{"1":0,"2":0,"3":0,"4":0,"5":0,"6":0},"fnMap":{"1":{"name":"constructor","line":34,"loc":{"start":{"line":34,"column":2},"end":{"line":37,"column":2}}},"2":{"name":"name","line":43,"loc":{"start":{"line":43,"column":2},"end":{"line":50,"column":2}}},"3":{"name":"symbol","line":56,"loc":{"start":{"line":56,"column":2},"end":{"line":63,"column":2}}},"4":{"name":"tokenURI","line":76,"loc":{"start":{"line":70,"column":2},"end":{"line":80,"column":2}}},"5":{"name":"_burn","line":90,"loc":{"start":{"line":90,"column":2},"end":{"line":100,"column":2}}},"6":{"name":"_setTokenUri","line":115,"loc":{"start":{"line":110,"column":2},"end":{"line":118,"column":2}}}},"statementMap":{"1":{"start":{"line":36,"column":4},"end":{"line":36,"column":41}},"2":{"start":{"line":49,"column":4},"end":{"line":49,"column":18}},"3":{"start":{"line":62,"column":4},"end":{"line":62,"column":22}},"4":{"start":{"line":79,"column":4},"end":{"line":79,"column":28}},"5":{"start":{"line":97,"column":4},"end":{"line":97,"column":24}},"6":{"start":{"line":117,"column":4},"end":{"line":117,"column":27}}},"branchMap":{}},"src/contracts/tokens/nf-token.sol":{"l":{"65":0,"66":0,"70":0,"81":0,"82":0,"88":0,"99":0,"100":0,"108":0,"134":0,"154":0,"177":0,"178":0,"179":0,"181":0,"200":0,"201":0,"203":0,"204":0,"221":0,"222":0,"239":0,"240":0,"257":0,"258":0,"276":0,"294":0,"309":0,"310":0,"312":0,"313":0,"315":0,"333":0,"334":0,"336":0,"338":0,"356":0,"357":0,"358":0,"359":0,"375":0,"376":0,"377":0,"393":0,"395":0,"396":0,"413":0,"433":0,"434":0,"435":0,"437":0,"439":0,"441":0,"442":0,"455":0},"path":"/home/user/Downloads/Projects/solidity/erc721/src/contracts/tokens/nf-token.sol","s":{"1":0,"2":0,"3":0,"4":0,"5":0,"6":0,"7":0,"8":0,"9":0,"10":0,"11":0,"12":0,"13":0,"14":0,"15":0,"16":0,"17":0,"18":0,"19":0,"20":0,"21":0,"22":0,"23":0,"24":0,"25":0,"26":0,"27":0,"28":0,"29":0,"30":0,"31":0,"32":0,"33":0,"34":0,"35":0,"36":0,"37":0,"38":0,"39":0,"40":0,"41":0,"42":0,"43":0,"44":0,"45":0,"46":0,"47":0,"48":0,"49":0,"50":0},"b":{"1":[0,0],"2":[0,0],"3":[0,0],"4":[0,0],"5":[0,0],"6":[0,0],"7":[0,0],"8":[0,0],"9":[0,0],"10":[0,0],"11":[0,0],"12":[0,0],"13":[0,0],"14":[0,0],"15":[0,0],"16":[0,0]},"f":{"1":0,"2":0,"3":0,"4":0,"5":0,"6":0,"7":0,"8":0,"9":0,"10":0,"11":0,"12":0,"13":0,"14":0,"15":0,"16":0,"17":0,"18":0,"19":0,"20":0,"21":0},"fnMap":{"1":{"name":"canOperate","line":61,"loc":{"start":{"line":61,"column":2},"end":{"line":71,"column":2}}},"2":{"name":"canTransfer","line":77,"loc":{"start":{"line":77,"column":2},"end":{"line":89,"column":2}}},"3":{"name":"validNFToken","line":95,"loc":{"start":{"line":95,"column":2},"end":{"line":101,"column":2}}},"4":{"name":"constructor","line":106,"loc":{"start":{"line":106,"column":2},"end":{"line":109,"column":2}}},"5":{"name":"safeTransferFrom","line":125,"loc":{"start":{"line":125,"column":2},"end":{"line":135,"column":2}}},"6":{"name":"safeTransferFrom","line":146,"loc":{"start":{"line":146,"column":2},"end":{"line":155,"column":2}}},"7":{"name":"transferFrom","line":175,"loc":{"start":{"line":167,"column":2},"end":{"line":182,"column":2}}},"8":{"name":"approve","line":198,"loc":{"start":{"line":191,"column":2},"end":{"line":205,"column":2}}},"9":{"name":"setApprovalForAll","line":214,"loc":{"start":{"line":214,"column":2},"end":{"line":223,"column":2}}},"10":{"name":"balanceOf","line":231,"loc":{"start":{"line":231,"column":2},"end":{"line":241,"column":2}}},"11":{"name":"ownerOf","line":249,"loc":{"start":{"line":249,"column":2},"end":{"line":259,"column":2}}},"12":{"name":"getApproved","line":273,"loc":{"start":{"line":267,"column":2},"end":{"line":277,"column":2}}},"13":{"name":"isApprovedForAll","line":285,"loc":{"start":{"line":285,"column":2},"end":{"line":295,"column":2}}},"14":{"name":"_transfer","line":303,"loc":{"start":{"line":303,"column":2},"end":{"line":316,"column":2}}},"15":{"name":"_mint","line":326,"loc":{"start":{"line":326,"column":2},"end":{"line":339,"column":2}}},"16":{"name":"_burn","line":354,"loc":{"start":{"line":349,"column":2},"end":{"line":360,"column":2}}},"17":{"name":"_removeNFToken","line":368,"loc":{"start":{"line":368,"column":2},"end":{"line":378,"column":2}}},"18":{"name":"_addNFToken","line":386,"loc":{"start":{"line":386,"column":2},"end":{"line":397,"column":2}}},"19":{"name":"_getOwnerNFTCount","line":405,"loc":{"start":{"line":405,"column":2},"end":{"line":414,"column":2}}},"20":{"name":"_safeTransferFrom","line":431,"loc":{"start":{"line":423,"column":2},"end":{"line":444,"column":2}}},"21":{"name":"_clearApproval","line":450,"loc":{"start":{"line":450,"column":2},"end":{"line":456,"column":2}}}},"statementMap":{"1":{"start":{"line":65,"column":4},"end":{"line":65,"column":44}},"2":{"start":{"line":66,"column":4},"end":{"line":66,"column":1913}},"3":{"start":{"line":81,"column":4},"end":{"line":81,"column":44}},"4":{"start":{"line":82,"column":4},"end":{"line":82,"column":2277}},"5":{"start":{"line":99,"column":4},"end":{"line":99,"column":60}},"6":{"start":{"line":108,"column":4},"end":{"line":108,"column":41}},"7":{"start":{"line":134,"column":4},"end":{"line":134,"column":49}},"8":{"start":{"line":154,"column":4},"end":{"line":154,"column":46}},"9":{"start":{"line":177,"column":4},"end":{"line":177,"column":44}},"10":{"start":{"line":178,"column":4},"end":{"line":178,"column":42}},"11":{"start":{"line":179,"column":4},"end":{"line":179,"column":43}},"12":{"start":{"line":181,"column":4},"end":{"line":181,"column":27}},"13":{"start":{"line":200,"column":4},"end":{"line":200,"column":44}},"14":{"start":{"line":201,"column":4},"end":{"line":201,"column":45}},"15":{"start":{"line":203,"column":4},"end":{"line":203,"column":37}},"16":{"start":{"line":204,"column":4},"end":{"line":204,"column":50}},"17":{"start":{"line":221,"column":4},"end":{"line":221,"column":54}},"18":{"start":{"line":222,"column":4},"end":{"line":222,"column":57}},"19":{"start":{"line":239,"column":4},"end":{"line":239,"column":46}},"20":{"start":{"line":240,"column":4},"end":{"line":240,"column":36}},"21":{"start":{"line":257,"column":4},"end":{"line":257,"column":31}},"22":{"start":{"line":258,"column":4},"end":{"line":258,"column":47}},"23":{"start":{"line":276,"column":4},"end":{"line":276,"column":33}},"24":{"start":{"line":294,"column":4},"end":{"line":294,"column":46}},"25":{"start":{"line":309,"column":4},"end":{"line":309,"column":38}},"26":{"start":{"line":310,"column":4},"end":{"line":310,"column":27}},"27":{"start":{"line":312,"column":4},"end":{"line":312,"column":33}},"28":{"start":{"line":313,"column":4},"end":{"line":313,"column":29}},"29":{"start":{"line":315,"column":4},"end":{"line":315,"column":38}},"30":{"start":{"line":333,"column":4},"end":{"line":333,"column":43}},"31":{"start":{"line":334,"column":4},"end":{"line":334,"column":65}},"32":{"start":{"line":336,"column":4},"end":{"line":336,"column":29}},"33":{"start":{"line":338,"column":4},"end":{"line":338,"column":44}},"34":{"start":{"line":356,"column":4},"end":{"line":356,"column":44}},"35":{"start":{"line":357,"column":4},"end":{"line":357,"column":27}},"36":{"start":{"line":358,"column":4},"end":{"line":358,"column":39}},"37":{"start":{"line":359,"column":4},"end":{"line":359,"column":51}},"38":{"start":{"line":375,"column":4},"end":{"line":375,"column":51}},"39":{"start":{"line":376,"column":4},"end":{"line":376,"column":34}},"40":{"start":{"line":393,"column":4},"end":{"line":393,"column":65}},"41":{"start":{"line":395,"column":4},"end":{"line":395,"column":28}},"42":{"start":{"line":396,"column":4},"end":{"line":396,"column":32}},"43":{"start":{"line":413,"column":4},"end":{"line":413,"column":38}},"44":{"start":{"line":433,"column":4},"end":{"line":433,"column":44}},"45":{"start":{"line":434,"column":4},"end":{"line":434,"column":42}},"46":{"start":{"line":435,"column":4},"end":{"line":435,"column":43}},"47":{"start":{"line":437,"column":4},"end":{"line":437,"column":27}},"48":{"start":{"line":439,"column":4},"end":{"line":439,"column":12348}},"49":{"start":{"line":441,"column":6},"end":{"line":441,"column":99}},"50":{"start":{"line":442,"column":6},"end":{"line":442,"column":73}}},"branchMap":{"1":{"line":66,"type":"if","locations":[{"start":{"line":66,"column":4},"end":{"line":66,"column":4}},{"start":{"line":66,"column":4},"end":{"line":66,"column":4}}]},"2":{"line":82,"type":"if","locations":[{"start":{"line":82,"column":4},"end":{"line":82,"column":4}},{"start":{"line":82,"column":4},"end":{"line":82,"column":4}}]},"3":{"line":99,"type":"if","locations":[{"start":{"line":99,"column":4},"end":{"line":99,"column":4}},{"start":{"line":99,"column":4},"end":{"line":99,"column":4}}]},"4":{"line":178,"type":"if","locations":[{"start":{"line":178,"column":4},"end":{"line":178,"column":4}},{"start":{"line":178,"column":4},"end":{"line":178,"column":4}}]},"5":{"line":179,"type":"if","locations":[{"start":{"line":179,"column":4},"end":{"line":179,"column":4}},{"start":{"line":179,"column":4},"end":{"line":179,"column":4}}]},"6":{"line":201,"type":"if","locations":[{"start":{"line":201,"column":4},"end":{"line":201,"column":4}},{"start":{"line":201,"column":4},"end":{"line":201,"column":4}}]},"7":{"line":239,"type":"if","locations":[{"start":{"line":239,"column":4},"end":{"line":239,"column":4}},{"start":{"line":239,"column":4},"end":{"line":239,"column":4}}]},"8":{"line":258,"type":"if","locations":[{"start":{"line":258,"column":4},"end":{"line":258,"column":4}},{"start":{"line":258,"column":4},"end":{"line":258,"column":4}}]},"9":{"line":333,"type":"if","locations":[{"start":{"line":333,"column":4},"end":{"line":333,"column":4}},{"start":{"line":333,"column":4},"end":{"line":333,"column":4}}]},"10":{"line":334,"type":"if","locations":[{"start":{"line":334,"column":4},"end":{"line":334,"column":4}},{"start":{"line":334,"column":4},"end":{"line":334,"column":4}}]},"11":{"line":375,"type":"if","locations":[{"start":{"line":375,"column":4},"end":{"line":375,"column":4}},{"start":{"line":375,"column":4},"end":{"line":375,"column":4}}]},"12":{"line":393,"type":"if","locations":[{"start":{"line":393,"column":4},"end":{"line":393,"column":4}},{"start":{"line":393,"column":4},"end":{"line":393,"column":4}}]},"13":{"line":434,"type":"if","locations":[{"start":{"line":434,"column":4},"end":{"line":434,"column":4}},{"start":{"line":434,"column":4},"end":{"line":434,"column":4}}]},"14":{"line":435,"type":"if","locations":[{"start":{"line":435,"column":4},"end":{"line":435,"column":4}},{"start":{"line":435,"column":4},"end":{"line":435,"column":4}}]},"15":{"line":439,"type":"if","locations":[{"start":{"line":439,"column":4},"end":{"line":439,"column":4}},{"start":{"line":439,"column":4},"end":{"line":439,"column":4}}]},"16":{"line":442,"type":"if","locations":[{"start":{"line":442,"column":6},"end":{"line":442,"column":6}},{"start":{"line":442,"column":6},"end":{"line":442,"column":6}}]}}},"src/contracts/utils/address-utils.sol":{"l":{"32":0,"33":0,"34":0,"35":0},"path":"/home/user/Downloads/Projects/solidity/erc721/src/contracts/utils/address-utils.sol","s":{"1":0,"2":0,"3":0},"b":{},"f":{"1":0},"fnMap":{"1":{"name":"isContract","line":18,"loc":{"start":{"line":18,"column":2},"end":{"line":36,"column":2}}}},"statementMap":{"1":{"start":{"line":32,"column":4},"end":{"line":32,"column":20}},"2":{"start":{"line":33,"column":4},"end":{"line":33,"column":92}},"3":{"start":{"line":35,"column":4},"end":{"line":35,"column":62}}},"branchMap":{}},"src/contracts/utils/erc165.sol":{"l":{},"path":"/home/user/Downloads/Projects/solidity/erc721/src/contracts/utils/erc165.sol","s":{},"b":{},"f":{},"fnMap":{},"statementMap":{},"branchMap":{}},"src/contracts/utils/supports-interface.sol":{"l":{"23":0,"39":0},"path":"/home/user/Downloads/Projects/solidity/erc721/src/contracts/utils/supports-interface.sol","s":{"1":0,"2":0},"b":{},"f":{"1":0,"2":0},"fnMap":{"1":{"name":"constructor","line":21,"loc":{"start":{"line":21,"column":2},"end":{"line":24,"column":2}}},"2":{"name":"supportsInterface","line":31,"loc":{"start":{"line":31,"column":2},"end":{"line":40,"column":2}}}},"statementMap":{"1":{"start":{"line":23,"column":4},"end":{"line":23,"column":41}},"2":{"start":{"line":39,"column":4},"end":{"line":39,"column":44}}},"branchMap":{}}}